1: Pulling from donalffons/opencascade.js/opencascade.js-stages
bb79b6b2107f: Pulling fs layer
bfadc1a025e1: Pulling fs layer
08ff166f7769: Pulling fs layer
337f57ffabd4: Pulling fs layer
e08b0b985f3b: Pulling fs layer
cac393541227: Pulling fs layer
6b256cf82412: Pulling fs layer
26006d46ce5e: Pulling fs layer
592370cf2214: Pulling fs layer
1b34cb484c09: Pulling fs layer
f498830f8477: Pulling fs layer
f4321c9365ce: Pulling fs layer
0df46d4ea0d2: Pulling fs layer
ebc04cc6a8f1: Pulling fs layer
4db8f1cf6b00: Pulling fs layer
8e393d73396b: Pulling fs layer
dcea7db693a0: Pulling fs layer
7617a3e81427: Pulling fs layer
a268dc62e3d6: Pulling fs layer
2b2dbb09178d: Pulling fs layer
1c9da5bb5aa7: Pulling fs layer
51b318c21358: Pulling fs layer
64506c237439: Pulling fs layer
f3304b19bc75: Pulling fs layer
840fe3444077: Pulling fs layer
43f35e90e84e: Pulling fs layer
5080639bba74: Pulling fs layer
123ce18d5eba: Pulling fs layer
b0fcc68f04cc: Pulling fs layer
cb5e0626015c: Pulling fs layer
0caa44659f27: Pulling fs layer
592370cf2214: Waiting
1b34cb484c09: Waiting
f498830f8477: Waiting
f4321c9365ce: Waiting
0df46d4ea0d2: Waiting
ebc04cc6a8f1: Waiting
4db8f1cf6b00: Waiting
8e393d73396b: Waiting
dcea7db693a0: Waiting
7617a3e81427: Waiting
a268dc62e3d6: Waiting
2b2dbb09178d: Waiting
1c9da5bb5aa7: Waiting
51b318c21358: Waiting
64506c237439: Waiting
f3304b19bc75: Waiting
840fe3444077: Waiting
43f35e90e84e: Waiting
5080639bba74: Waiting
123ce18d5eba: Waiting
b0fcc68f04cc: Waiting
cb5e0626015c: Waiting
0caa44659f27: Waiting
337f57ffabd4: Waiting
e08b0b985f3b: Waiting
cac393541227: Waiting
6b256cf82412: Waiting
26006d46ce5e: Waiting
08ff166f7769: Verifying Checksum
08ff166f7769: Download complete
bb79b6b2107f: Verifying Checksum
bb79b6b2107f: Download complete
e08b0b985f3b: Verifying Checksum
e08b0b985f3b: Download complete
cac393541227: Verifying Checksum
cac393541227: Download complete
bb79b6b2107f: Pull complete
6b256cf82412: Verifying Checksum
6b256cf82412: Download complete
26006d46ce5e: Verifying Checksum
26006d46ce5e: Download complete
592370cf2214: Download complete
1b34cb484c09: Verifying Checksum
1b34cb484c09: Download complete
337f57ffabd4: Verifying Checksum
337f57ffabd4: Download complete
f4321c9365ce: Verifying Checksum
f4321c9365ce: Download complete
0df46d4ea0d2: Verifying Checksum
0df46d4ea0d2: Download complete
ebc04cc6a8f1: Verifying Checksum
ebc04cc6a8f1: Download complete
4db8f1cf6b00: Verifying Checksum
4db8f1cf6b00: Download complete
8e393d73396b: Verifying Checksum
8e393d73396b: Download complete
dcea7db693a0: Verifying Checksum
dcea7db693a0: Download complete
7617a3e81427: Verifying Checksum
7617a3e81427: Download complete
a268dc62e3d6: Verifying Checksum
a268dc62e3d6: Download complete
2b2dbb09178d: Verifying Checksum
2b2dbb09178d: Download complete
1c9da5bb5aa7: Verifying Checksum
1c9da5bb5aa7: Download complete
bfadc1a025e1: Verifying Checksum
bfadc1a025e1: Download complete
51b318c21358: Verifying Checksum
51b318c21358: Download complete
64506c237439: Verifying Checksum
64506c237439: Download complete
f3304b19bc75: Verifying Checksum
f3304b19bc75: Download complete
43f35e90e84e: Verifying Checksum
43f35e90e84e: Download complete
840fe3444077: Verifying Checksum
840fe3444077: Download complete
123ce18d5eba: Verifying Checksum
123ce18d5eba: Download complete
5080639bba74: Verifying Checksum
5080639bba74: Download complete
cb5e0626015c: Verifying Checksum
cb5e0626015c: Download complete
0caa44659f27: Verifying Checksum
0caa44659f27: Download complete
b0fcc68f04cc: Verifying Checksum
b0fcc68f04cc: Download complete
f498830f8477: Verifying Checksum
f498830f8477: Download complete
bfadc1a025e1: Pull complete
08ff166f7769: Pull complete
337f57ffabd4: Pull complete
e08b0b985f3b: Pull complete
cac393541227: Pull complete
6b256cf82412: Pull complete
26006d46ce5e: Pull complete
592370cf2214: Pull complete
1b34cb484c09: Pull complete
f498830f8477: Pull complete
f4321c9365ce: Pull complete
0df46d4ea0d2: Pull complete
ebc04cc6a8f1: Pull complete
4db8f1cf6b00: Pull complete
8e393d73396b: Pull complete
dcea7db693a0: Pull complete
7617a3e81427: Pull complete
a268dc62e3d6: Pull complete
2b2dbb09178d: Pull complete
1c9da5bb5aa7: Pull complete
51b318c21358: Pull complete
64506c237439: Pull complete
f3304b19bc75: Pull complete
840fe3444077: Pull complete
43f35e90e84e: Pull complete
5080639bba74: Pull complete
123ce18d5eba: Pull complete
b0fcc68f04cc: Pull complete
cb5e0626015c: Pull complete
0caa44659f27: Pull complete
Digest: sha256:6a1b3feac0d5e8de4ea690730896cf5416e56940683f36afc64bac5d82684552
